2021-03-08 05:08:19	blade create k8s pod-network --namespace hipster --names currencyservice-849b8b88c-58zfh loss --percent 71 --interface eth0 --timeout 180 --kubeconfig /root/.kube/config
2021-03-08 05:08:31	Inject 71 percent loss for pod currencyservice-849b8b88c-58zfh succefully
2021-03-08 05:08:31	{"code":200,"success":true,"result":"8f2e66d67fd8d485"}

2021-03-08 06:09:04	blade create k8s pod-network --namespace hipster --names cartservice-5bff467fb9-tljjq delay --time 3928 --interface eth0 --timeout 180 --kubeconfig /root/.kube/config
2021-03-08 06:09:16	Inject 3928 ms delay for pod cartservice-5bff467fb9-tljjq succefully
2021-03-08 06:09:16	{"code":200,"success":true,"result":"334b5d92c0529fe7"}

2021-03-08 07:09:33	blade create k8s pod-network --namespace hipster --names adservice-5f985cc8d9-dgxzj loss --percent 69 --interface eth0 --timeout 180 --kubeconfig /root/.kube/config
2021-03-08 07:09:45	Inject 69 percent loss for pod adservice-5f985cc8d9-dgxzj succefully
2021-03-08 07:09:45	{"code":200,"success":true,"result":"480670049cd8169c"}

2021-03-08 08:09:30	blade create k8s pod-network --namespace hipster --names shippingservice-6fc9fdc757-bb45d loss --percent 65 --interface eth0 --timeout 180 --kubeconfig /root/.kube/config
2021-03-08 08:09:42	Inject 65 percent loss for pod shippingservice-6fc9fdc757-bb45d succefully
2021-03-08 08:09:42	{"code":200,"success":true,"result":"1a8b6235c2f88e60"}

2021-03-08 09:11:05	blade create k8s pod-network --namespace hipster --names currencyservice-849b8b88c-58zfh loss --percent 61 --interface eth0 --timeout 180 --kubeconfig /root/.kube/config
2021-03-08 09:11:17	Inject 61 percent loss for pod currencyservice-849b8b88c-58zfh succefully
2021-03-08 09:11:17	{"code":200,"success":true,"result":"340cbee1ab0ee4a0"}

2021-03-08 10:12:18	blade create k8s pod-network --namespace hipster --names cartservice-5bff467fb9-rnq8g delay --time 3632 --interface eth0 --timeout 180 --kubeconfig /root/.kube/config
2021-03-08 10:12:30	Inject 3632 ms delay for pod cartservice-5bff467fb9-rnq8g succefully
2021-03-08 10:12:30	{"code":200,"success":true,"result":"5ad0aaad2f680cf3"}

2021-03-08 11:12:40	blade create k8s pod-network --namespace hipster --names checkoutservice-84885776f5-rpvd9 loss --percent 70 --interface eth0 --timeout 180 --kubeconfig /root/.kube/config
2021-03-08 11:12:52	Inject 70 percent loss for pod checkoutservice-84885776f5-rpvd9 succefully
2021-03-08 11:12:52	{"code":200,"success":true,"result":"13067226e1d1180d"}

2021-03-08 12:12:14	blade create k8s pod-network --namespace hipster --names recommendationservice-856d97fbd6-tvp26 delay --time 2111 --interface eth0 --timeout 180 --kubeconfig /root/.kube/config
2021-03-08 12:12:26	Inject 2111 ms delay for pod recommendationservice-856d97fbd6-tvp26 succefully
2021-03-08 12:12:26	{"code":200,"success":true,"result":"a72618e887525254"}

2021-03-08 13:13:13	blade create k8s pod-network --namespace hipster --names currencyservice-849b8b88c-tlfqp delay --time 1546 --interface eth0 --timeout 180 --kubeconfig /root/.kube/config
2021-03-08 13:13:25	Inject 1546 ms delay for pod currencyservice-849b8b88c-tlfqp succefully
2021-03-08 13:13:25	{"code":200,"success":true,"result":"ececb1d92b719524"}

2021-03-08 14:15:07	blade create k8s pod-network --namespace hipster --names frontend-664f5b878c-xvvws delay --time 2393 --interface eth0 --timeout 180 --kubeconfig /root/.kube/config
2021-03-08 14:15:19	Inject 2393 ms delay for pod frontend-664f5b878c-xvvws succefully
2021-03-08 14:15:19	{"code":200,"success":true,"result":"21f0d5785fcfe9f7"}

2021-03-08 15:16:38	blade create k8s pod-network --namespace hipster --names productcatalogservice-7b7d56f87f-b6f2v loss --percent 79 --interface eth0 --timeout 180 --kubeconfig /root/.kube/config
2021-03-08 15:16:51	Inject 79 percent loss for pod productcatalogservice-7b7d56f87f-b6f2v succefully
2021-03-08 15:16:51	{"code":200,"success":true,"result":"4bc368f96e1c2303"}

2021-03-08 16:18:43	blade create k8s pod-network --namespace hipster --names emailservice-67fdf7b59d-5mlvg loss --percent 72 --interface eth0 --timeout 180 --kubeconfig /root/.kube/config
2021-03-08 16:18:56	Inject 72 percent loss for pod emailservice-67fdf7b59d-5mlvg succefully
2021-03-08 16:18:56	{"code":200,"success":true,"result":"e75e390a8790a050"}

2021-03-08 17:22:48	blade create k8s pod-network --namespace hipster --names adservice-5f985cc8d9-7vsr2 loss --percent 71 --interface eth0 --timeout 180 --kubeconfig /root/.kube/config
2021-03-08 17:23:01	Inject 71 percent loss for pod adservice-5f985cc8d9-7vsr2 succefully
2021-03-08 17:23:01	{"code":200,"success":true,"result":"bd394a065935465d"}

2021-03-08 18:23:03	blade create k8s pod-network --namespace hipster --names emailservice-67fdf7b59d-5mlvg delay --time 3000 --interface eth0 --timeout 180 --kubeconfig /root/.kube/config
2021-03-08 18:23:16	Inject 3000 ms delay for pod emailservice-67fdf7b59d-5mlvg succefully
2021-03-08 18:23:16	{"code":200,"success":true,"result":"dc4dc6ff65a971c7"}

2021-03-08 19:27:06	blade create k8s pod-network --namespace hipster --names productcatalogservice-7b7d56f87f-vjdct loss --percent 78 --interface eth0 --timeout 180 --kubeconfig /root/.kube/config
2021-03-08 19:27:18	Inject 78 percent loss for pod productcatalogservice-7b7d56f87f-vjdct succefully
2021-03-08 19:27:18	{"code":200,"success":true,"result":"14dd285c7f7bc05d"}

2021-03-08 20:30:38	blade create k8s pod-network --namespace hipster --names emailservice-67fdf7b59d-5mlvg loss --percent 75 --interface eth0 --timeout 180 --kubeconfig /root/.kube/config
2021-03-08 20:30:50	Inject 75 percent loss for pod emailservice-67fdf7b59d-5mlvg succefully
2021-03-08 20:30:50	{"code":200,"success":true,"result":"6443b0d96e320311"}

2021-03-08 21:30:53	blade create k8s pod-network --namespace hipster --names recommendationservice-856d97fbd6-4qd4s loss --percent 59 --interface eth0 --timeout 180 --kubeconfig /root/.kube/config
2021-03-08 21:31:05	Inject 59 percent loss for pod recommendationservice-856d97fbd6-4qd4s succefully
2021-03-08 21:31:05	{"code":200,"success":true,"result":"0af0b06a4d52a4b8"}

2021-03-08 22:34:27	blade create k8s pod-network --namespace hipster --names currencyservice-849b8b88c-58zfh delay --time 1673 --interface eth0 --timeout 180 --kubeconfig /root/.kube/config
2021-03-08 22:34:39	Inject 1673 ms delay for pod currencyservice-849b8b88c-58zfh succefully
2021-03-08 22:34:39	{"code":200,"success":true,"result":"8281e7d502ffc3f5"}

2021-03-08 23:38:34	blade create k8s pod-network --namespace hipster --names frontend-664f5b878c-xvvws delay --time 2315 --interface eth0 --timeout 180 --kubeconfig /root/.kube/config
2021-03-08 23:38:46	Inject 2315 ms delay for pod frontend-664f5b878c-xvvws succefully
2021-03-08 23:38:46	{"code":200,"success":true,"result":"af07972dac20945e"}

2021-03-09 00:38:29	blade create k8s pod-network --namespace hipster --names cartservice-5bff467fb9-tljjq loss --percent 70 --interface eth0 --timeout 180 --kubeconfig /root/.kube/config
2021-03-09 00:38:41	Inject 70 percent loss for pod cartservice-5bff467fb9-tljjq succefully
2021-03-09 00:38:41	{"code":200,"success":true,"result":"499fca12ca9f43b9"}

2021-03-09 01:41:23	blade create k8s pod-network --namespace hipster --names currencyservice-849b8b88c-58zfh delay --time 3016 --interface eth0 --timeout 180 --kubeconfig /root/.kube/config
2021-03-09 01:41:35	Inject 3016 ms delay for pod currencyservice-849b8b88c-58zfh succefully
2021-03-09 01:41:35	{"code":200,"success":true,"result":"b87aa607c65dcbda"}

2021-03-09 02:42:50	blade create k8s pod-network --namespace hipster --names cartservice-5bff467fb9-tljjq loss --percent 68 --interface eth0 --timeout 180 --kubeconfig /root/.kube/config
2021-03-09 02:43:02	Inject 68 percent loss for pod cartservice-5bff467fb9-tljjq succefully
2021-03-09 02:43:02	{"code":200,"success":true,"result":"06df3f89ccca7242"}

2021-03-09 03:45:09	blade create k8s pod-network --namespace hipster --names checkoutservice-84885776f5-vdpzf delay --time 4092 --interface eth0 --timeout 180 --kubeconfig /root/.kube/config
2021-03-09 03:45:21	Inject 4092 ms delay for pod checkoutservice-84885776f5-vdpzf succefully
2021-03-09 03:45:21	{"code":200,"success":true,"result":"82c52bd2a875661d"}

2021-03-09 04:47:15	blade create k8s pod-network --namespace hipster --names emailservice-67fdf7b59d-5mlvg loss --percent 80 --interface eth0 --timeout 180 --kubeconfig /root/.kube/config
2021-03-09 04:47:27	Inject 80 percent loss for pod emailservice-67fdf7b59d-5mlvg succefully
2021-03-09 04:47:27	{"code":200,"success":true,"result":"d45f966a0a7b5720"}

2021-03-09 05:49:57	blade create k8s pod-network --namespace hipster --names checkoutservice-84885776f5-vdpzf loss --percent 70 --interface eth0 --timeout 180 --kubeconfig /root/.kube/config
2021-03-09 05:50:09	Inject 70 percent loss for pod checkoutservice-84885776f5-vdpzf succefully
2021-03-09 05:50:09	{"code":200,"success":true,"result":"6dfff65057c34214"}

2021-03-09 06:51:32	blade create k8s pod-network --namespace hipster --names recommendationservice-856d97fbd6-tvp26 delay --time 2110 --interface eth0 --timeout 180 --kubeconfig /root/.kube/config
2021-03-09 06:51:44	Inject 2110 ms delay for pod recommendationservice-856d97fbd6-tvp26 succefully
2021-03-09 06:51:44	{"code":200,"success":true,"result":"174cd8868d33c77e"}

2021-03-09 07:54:31	blade create k8s pod-network --namespace hipster --names adservice-5f985cc8d9-dgxzj loss --percent 72 --interface eth0 --timeout 180 --kubeconfig /root/.kube/config
2021-03-09 07:54:43	Inject 72 percent loss for pod adservice-5f985cc8d9-dgxzj succefully
2021-03-09 07:54:43	{"code":200,"success":true,"result":"930dd1e54e13318d"}

